0 info it worked if it ends with ok
1 verbose cli [ 'C:\\Program Files\\nodejs\\node.exe',
1 verbose cli   'C:\\Program Files\\nodejs\\node_modules\\npm\\bin\\npm-cli.js',
1 verbose cli   'start' ]
2 info using npm@3.10.9
3 info using node@v6.9.2
4 verbose run-script [ 'prestart', 'start', 'poststart' ]
5 info lifecycle angular2-skeleton@1.0.0~prestart: angular2-skeleton@1.0.0
6 silly lifecycle angular2-skeleton@1.0.0~prestart: no script for prestart, continuing
7 info lifecycle angular2-skeleton@1.0.0~start: angular2-skeleton@1.0.0
8 verbose lifecycle angular2-skeleton@1.0.0~start: unsafe-perm in lifecycle true
9 verbose lifecycle angular2-skeleton@1.0.0~start: PATH: C:\Users\Johan\AppData\Roaming\nvm\v6.9.2\node_modules\npm\bin\node-gyp-bin;D:\Programming\Angular2-Course\skeleton\node_modules\.bin;C:\ProgramData\Oracle\Java\javapath;c:\program files (x86)\intel\icls client\;c:\program files\intel\icls client\;c:\windows\system32;c:\windows;c:\windows\system32\wbem;c:\windows\system32\windowspowershell\v1.0\;c:\program files (x86)\quicktime\qtsystem\;c:\program files\microsoft sql server\110\tools\binn\;c:\windows\system32\config\systemprofile\.dnx\bin;c:\program files\microsoft dnx\dnvm\;c:\program files\microsoft sql server\130\tools\binn\;c:\program files (x86)\intel\intel(r) management engine components\dal;c:\program files\intel\intel(r) management engine components\dal;c:\program files (x86)\intel\intel(r) management engine components\ipt;c:\program files\intel\intel(r) management engine components\ipt;C:\Program Files (x86)\NVIDIA Corporation\PhysX\Common;C:\Program Files (x86)\Microsoft SQL Server\110\Tools\Binn\;C:\Program Files\Microsoft SQL Server\110\DTS\Binn\;C:\Program Files\Microsoft SQL Server\120\Tools\Binn\;C:\WINDOWS\system32;C:\WINDOWS;C:\WINDOWS\System32\Wbem;C:\WINDOWS\System32\WindowsPowerShell\v1.0\;%NVM_HOME%;%NVM_SYMLINK%;C:\Users\Johan\AppData\Local\Microsoft\WindowsApps;C:\Users\Johan\AppData\Roaming\npm;C:\Program Files (x86)\Microsoft VS Code\bin;C:\Users\Johan\AppData\Roaming\nvm;C:\Program Files\nodejs
10 verbose lifecycle angular2-skeleton@1.0.0~start: CWD: D:\Programming\Angular2-Course\skeleton
11 silly lifecycle angular2-skeleton@1.0.0~start: Args: [ '/d /s /c', 'tsc && concurrently "tsc -w" "lite-server" ' ]
12 silly lifecycle angular2-skeleton@1.0.0~start: Returned: code: 3221225786  signal: null
13 info lifecycle angular2-skeleton@1.0.0~start: Failed to exec start script
14 verbose stack Error: angular2-skeleton@1.0.0 start: `tsc && concurrently "tsc -w" "lite-server" `
14 verbose stack Exit status 3221225786
14 verbose stack     at EventEmitter.<anonymous> (C:\Users\Johan\AppData\Roaming\nvm\v6.9.2\node_modules\npm\lib\utils\lifecycle.js:255:16)
14 verbose stack     at emitTwo (events.js:106:13)
14 verbose stack     at EventEmitter.emit (events.js:191:7)
14 verbose stack     at ChildProcess.<anonymous> (C:\Users\Johan\AppData\Roaming\nvm\v6.9.2\node_modules\npm\lib\utils\spawn.js:40:14)
14 verbose stack     at emitTwo (events.js:106:13)
14 verbose stack     at ChildProcess.emit (events.js:191:7)
14 verbose stack     at maybeClose (internal/child_process.js:877:16)
14 verbose stack     at Process.ChildProcess._handle.onexit (internal/child_process.js:226:5)
15 verbose pkgid angular2-skeleton@1.0.0
16 verbose cwd D:\Programming\Angular2-Course\skeleton
17 error Windows_NT 10.0.14393
18 error argv "C:\\Program Files\\nodejs\\node.exe" "C:\\Program Files\\nodejs\\node_modules\\npm\\bin\\npm-cli.js" "start"
19 error node v6.9.2
20 error npm  v3.10.9
21 error code ELIFECYCLE
22 error angular2-skeleton@1.0.0 start: `tsc && concurrently "tsc -w" "lite-server" `
22 error Exit status 3221225786
23 error Failed at the angular2-skeleton@1.0.0 start script 'tsc && concurrently "tsc -w" "lite-server" '.
23 error Make sure you have the latest version of node.js and npm installed.
23 error If you do, this is most likely a problem with the angular2-skeleton package,
23 error not with npm itself.
23 error Tell the author that this fails on your system:
23 error     tsc && concurrently "tsc -w" "lite-server"
23 error You can get information on how to open an issue for this project with:
23 error     npm bugs angular2-skeleton
23 error Or if that isn't available, you can get their info via:
23 error     npm owner ls angular2-skeleton
23 error There is likely additional logging output above.
24 verbose exit [ 1, true ]
